2019-05-22 11:34:53,846 - selenium - INFO - 在section：sender下读取email的值
2019-05-22 11:34:53,847 - selenium - INFO - 在section：sender下读取password的值
2019-05-22 11:34:53,847 - selenium - INFO - 在section：sender下读取username的值
2019-05-22 11:34:53,848 - selenium - INFO - 在section：addressed下读取收件人姓名的值
2019-05-22 11:34:54,014 - selenium - INFO - 加载测试用例
2019-05-22 11:34:54,015 - selenium - INFO - 在section：environment下读取browser的值
2019-05-22 11:34:54,015 - selenium - INFO - 读取浏览器配置,值为chrome
2019-05-22 11:34:54,016 - selenium - INFO - 在section：environment下读取url的值
2019-05-22 11:34:54,017 - selenium - INFO - 读取url,值为https://github.com/
2019-05-22 11:34:56,330 - selenium - INFO - 打开chrome浏览器
2019-05-22 11:34:58,218 - selenium - INFO - 访问url
2019-05-22 11:34:59,378 - selenium - INFO - 浏览器最大化
2019-05-22 11:34:59,381 - selenium - INFO - 设置静态等待时间10秒
2019-05-22 11:34:59,381 - selenium - INFO - 执行测试用例：测试搜索
2019-05-22 11:34:59,401 - selenium - INFO - 元素定位成功。定位方式：name，使用的值：q
2019-05-22 11:34:59,519 - selenium - INFO - 输入的内容：selenium
2019-05-22 11:34:59,648 - selenium - INFO - 元素定位成功。定位方式：id，使用的值：jump-to-suggestion-search-global
2019-05-22 11:35:00,582 - selenium - INFO - 点击元素成功
2019-05-22 11:35:02,584 - selenium - INFO - 强制等待2秒
2019-05-22 11:35:02,593 - selenium - INFO - 当前打开的title是：Search ・ selenium ・ GitHub
2019-05-22 11:35:02,594 - selenium - INFO - 测试用例执行通过：测试搜索

2019-05-22 11:35:04,812 - selenium - INFO - 在section：environment下读取browser的值
2019-05-22 11:35:04,813 - selenium - INFO - 读取浏览器配置,值为chrome
2019-05-22 11:35:04,815 - selenium - INFO - 在section：environment下读取url的值
2019-05-22 11:35:04,815 - selenium - INFO - 读取url,值为https://github.com/
2019-05-22 11:35:07,131 - selenium - INFO - 打开chrome浏览器
2019-05-22 11:35:08,694 - selenium - INFO - 访问url
2019-05-22 11:35:09,841 - selenium - INFO - 浏览器最大化
2019-05-22 11:35:09,843 - selenium - INFO - 设置静态等待时间10秒
2019-05-22 11:35:09,843 - selenium - INFO - 执行测试用例：切换至login页面
2019-05-22 11:35:09,880 - selenium - INFO - 元素定位成功。定位方式：link，使用的值：Sign in
2019-05-22 11:35:10,377 - selenium - INFO - 点击元素成功
2019-05-22 11:35:10,383 - selenium - INFO - 当前打开的title是：Sign in to GitHub ・ GitHub
2019-05-22 11:35:10,383 - selenium - ERROR - 测试用例执行失败：切换至login页面

2019-05-22 11:35:12,616 - selenium - INFO - 在section：environment下读取browser的值
2019-05-22 11:35:12,616 - selenium - INFO - 读取浏览器配置,值为chrome
2019-05-22 11:35:12,616 - selenium - INFO - 在section：environment下读取url的值
2019-05-22 11:35:12,617 - selenium - INFO - 读取url,值为https://github.com/
2019-05-22 11:35:14,868 - selenium - INFO - 打开chrome浏览器
2019-05-22 11:35:16,361 - selenium - INFO - 访问url
2019-05-22 11:35:17,524 - selenium - INFO - 浏览器最大化
2019-05-22 11:35:17,525 - selenium - INFO - 设置静态等待时间10秒
2019-05-22 11:35:17,554 - selenium - INFO - 元素定位成功。定位方式：link，使用的值：Sign in
2019-05-22 11:35:18,118 - selenium - INFO - 点击元素成功
2019-05-22 11:35:18,118 - selenium - INFO - 执行测试用例：用户为空
2019-05-22 11:35:18,133 - selenium - INFO - 元素定位成功。定位方式：id，使用的值：login_field
2019-05-22 11:35:18,186 - selenium - INFO - 输入的内容：
2019-05-22 11:35:18,194 - selenium - INFO - 元素定位成功。定位方式：id，使用的值：password
2019-05-22 11:35:18,241 - selenium - INFO - 输入的内容：111
2019-05-22 11:35:18,252 - selenium - INFO - 元素定位成功。定位方式：name，使用的值：commit
2019-05-22 11:35:18,767 - selenium - INFO - 点击元素成功
2019-05-22 11:35:18,777 - selenium - INFO - 元素定位成功。定位方式：id，使用的值：js-flash-container
2019-05-22 11:35:18,793 - selenium - INFO - 获取的text：Incorrect username or password.
2019-05-22 11:35:18,794 - selenium - INFO - 测试用例执行成功:用户为空

2019-05-22 11:35:18,794 - selenium - INFO - 执行测试用例：密码为空
2019-05-22 11:35:18,801 - selenium - INFO - 元素定位成功。定位方式：id，使用的值：login_field
2019-05-22 11:35:18,893 - selenium - INFO - 输入的内容：xuhaixiang1993
2019-05-22 11:35:18,899 - selenium - INFO - 元素定位成功。定位方式：id，使用的值：password
2019-05-22 11:35:18,941 - selenium - INFO - 输入的内容：
2019-05-22 11:35:18,948 - selenium - INFO - 元素定位成功。定位方式：name，使用的值：commit
2019-05-22 11:35:19,462 - selenium - INFO - 点击元素成功
2019-05-22 11:35:19,473 - selenium - INFO - 元素定位成功。定位方式：id，使用的值：js-flash-container
2019-05-22 11:35:19,490 - selenium - INFO - 获取的text：Incorrect username or password.
2019-05-22 11:35:19,490 - selenium - INFO - 测试用例执行成功:密码为空

2019-05-22 11:35:19,490 - selenium - INFO - 执行测试用例：密码不正确
2019-05-22 11:35:19,498 - selenium - INFO - 元素定位成功。定位方式：id，使用的值：login_field
2019-05-22 11:35:19,589 - selenium - INFO - 输入的内容：xuhaixiang1993
2019-05-22 11:35:19,595 - selenium - INFO - 元素定位成功。定位方式：id，使用的值：password
2019-05-22 11:35:19,651 - selenium - INFO - 输入的内容：1233423
2019-05-22 11:35:19,657 - selenium - INFO - 元素定位成功。定位方式：name，使用的值：commit
2019-05-22 11:35:20,126 - selenium - INFO - 点击元素成功
2019-05-22 11:35:20,154 - selenium - INFO - 元素定位成功。定位方式：id，使用的值：js-flash-container
2019-05-22 11:35:20,169 - selenium - INFO - 获取的text：Incorrect username or password.
2019-05-22 11:35:20,169 - selenium - INFO - 测试用例执行成功:密码不正确

2019-05-22 11:35:20,169 - selenium - INFO - 执行测试用例：登录成功
2019-05-22 11:35:20,176 - selenium - INFO - 元素定位成功。定位方式：id，使用的值：login_field
2019-05-22 11:35:20,251 - selenium - INFO - 输入的内容：password
2019-05-22 11:35:20,257 - selenium - INFO - 元素定位成功。定位方式：id，使用的值：password
2019-05-22 11:35:20,317 - selenium - INFO - 输入的内容：username
2019-05-22 11:35:20,323 - selenium - INFO - 元素定位成功。定位方式：name，使用的值：commit
2019-05-22 11:35:20,827 - selenium - INFO - 点击元素成功
2019-05-22 11:35:20,833 - selenium - INFO - 当前打开的title是：Sign in to GitHub ・ GitHub
2019-05-22 11:35:20,833 - selenium - ERROR - 测试用例执行失败:登录成功

2019-05-22 11:35:23,052 - selenium - INFO - test end
2019-05-22 11:35:23,053 - selenium - INFO - 测试报告生成成功
